<?xml version="1.0" encoding="UTF-8"?>
<testsuite xmlns:xsi="http://www.w3.org/2001/XMLSchema-instance" xsi:noNamespaceSchemaLocation="https://maven.apache.org/surefire/maven-surefire-plugin/xsd/surefire-test-report-3.0.xsd" version="3.0" name="com.user_organization_management.service.UserServiceTest" time="2.661" tests="15" errors="0" skipped="0" failures="0">
  <properties>
[...]
</properties>
  <testcase name="getUserByEmail_WhenUserNotExists_ShouldThrowException" classname="com.user_organization_management.service.UserServiceTest" time="2.435">
    <system-out><![CDATA[17:27:58,828 |-INFO in ch.qos.logback.classic.LoggerContext[default] - This is logback-classic version 1.4.14
17:27:58,832 |-INFO in ch.qos.logback.classic.util.ContextInitializer@6ae3fb94 - Here is a list of configurators discovered as a service, by rank: 
17:27:58,832 |-INFO in ch.qos.logback.classic.util.ContextInitializer@6ae3fb94 -   org.springframework.boot.logging.logback.RootLogLevelConfigurator
17:27:58,832 |-INFO in ch.qos.logback.classic.util.ContextInitializer@6ae3fb94 - They will be invoked in order until ExecutionStatus.DO_NOT_INVOKE_NEXT_IF_ANY is returned.
17:27:58,832 |-INFO in ch.qos.logback.classic.util.ContextInitializer@6ae3fb94 - Constructed configurator of type class org.springframework.boot.logging.logback.RootLogLevelConfigurator
17:27:58,849 |-INFO in ch.qos.logback.classic.util.ContextInitializer@6ae3fb94 - org.springframework.boot.logging.logback.RootLogLevelConfigurator.configure() call lasted 0 milliseconds. ExecutionStatus=INVOKE_NEXT_IF_ANY
17:27:58,849 |-INFO in ch.qos.logback.classic.util.ContextInitializer@6ae3fb94 - Trying to configure with ch.qos.logback.classic.joran.SerializedModelConfigurator
17:27:58,850 |-INFO in ch.qos.logback.classic.util.ContextInitializer@6ae3fb94 - Constructed configurator of type class ch.qos.logback.classic.joran.SerializedModelConfigurator
17:27:58,853 |-INFO in ch.qos.logback.classic.LoggerContext[default] - Could NOT find resource [logback-test.scmo]
17:27:58,854 |-INFO in ch.qos.logback.classic.LoggerContext[default] - Could NOT find resource [logback.scmo]
17:27:58,854 |-INFO in ch.qos.logback.classic.util.ContextInitializer@6ae3fb94 - ch.qos.logback.classic.joran.SerializedModelConfigurator.configure() call lasted 4 milliseconds. ExecutionStatus=INVOKE_NEXT_IF_ANY
17:27:58,854 |-INFO in ch.qos.logback.classic.util.ContextInitializer@6ae3fb94 - Trying to configure with ch.qos.logback.classic.util.DefaultJoranConfigurator
17:27:58,855 |-INFO in ch.qos.logback.classic.util.ContextInitializer@6ae3fb94 - Constructed configurator of type class ch.qos.logback.classic.util.DefaultJoranConfigurator
17:27:58,857 |-INFO in ch.qos.logback.classic.LoggerContext[default] - Could NOT find resource [logback-test.xml]
17:27:58,861 |-INFO in ch.qos.logback.classic.LoggerContext[default] - Found resource [logback.xml] at [file:/D:/Courses/BackEnd/Spring/Sb/User_Management_System/user-org-management/target/classes/logback.xml]
17:27:59,072 |-INFO in ch.qos.logback.core.model.processor.AppenderModelHandler - Processing appender named [Console]
17:27:59,072 |-INFO in ch.qos.logback.core.model.processor.AppenderModelHandler - About to instantiate appender of type [ch.qos.logback.core.ConsoleAppender]
17:27:59,115 |-WARN in ch.qos.logback.core.ConsoleAppender[Console] - This appender no longer admits a layout as a sub-component, set an encoder instead.
17:27:59,115 |-WARN in ch.qos.logback.core.ConsoleAppender[Console] - To ensure compatibility, wrapping your layout in LayoutWrappingEncoder.
17:27:59,115 |-WARN in ch.qos.logback.core.ConsoleAppender[Console] - See also http://logback.qos.ch/codes.html#layoutInsteadOfEncoder for details
17:27:59,115 |-INFO in ch.qos.logback.core.model.processor.AppenderModelHandler - Processing appender named [RollingFile]
17:27:59,115 |-INFO in ch.qos.logback.core.model.processor.AppenderModelHandler - About to instantiate appender of type [ch.qos.logback.core.rolling.RollingFileAppender]
17:27:59,132 |-INFO in c.q.l.core.rolling.TimeBasedRollingPolicy@1142402835 - No compression will be used
17:27:59,134 |-INFO in c.q.l.core.rolling.TimeBasedRollingPolicy@1142402835 - Will use the pattern ./logs/archived/spring-boot-logger-%d{yyyy-MM-dd}.%i.log for the active file
17:27:59,138 |-INFO in ch.qos.logback.core.rolling.SizeAndTimeBasedFNATP@d48673 - The date pattern is 'yyyy-MM-dd' from file name pattern './logs/archived/spring-boot-logger-%d{yyyy-MM-dd}.%i.log'.
17:27:59,138 |-INFO in ch.qos.logback.core.rolling.SizeAndTimeBasedFNATP@d48673 - Roll-over at midnight.
17:27:59,140 |-INFO in ch.qos.logback.core.rolling.SizeAndTimeBasedFNATP@d48673 - Setting initial period to 2025-04-29T14:27:52.757Z
17:27:59,140 |-WARN in ch.qos.logback.core.rolling.SizeAndTimeBasedFNATP@d48673 - SizeAndTimeBasedFNATP is deprecated. Use SizeAndTimeBasedRollingPolicy instead
17:27:59,140 |-WARN in ch.qos.logback.core.rolling.SizeAndTimeBasedFNATP@d48673 - For more information see http://logback.qos.ch/manual/appenders.html#SizeAndTimeBasedRollingPolicy
17:27:59,149 |-INFO in ch.qos.logback.core.rolling.RollingFileAppender[RollingFile] - Active log file name: ./logs/spring-boot-logger.log
17:27:59,149 |-INFO in ch.qos.logback.core.rolling.RollingFileAppender[RollingFile] - File property is set to [./logs/spring-boot-logger.log]
17:27:59,158 |-INFO in ch.qos.logback.classic.model.processor.RootLoggerModelHandler - Setting level of ROOT logger to INFO
17:27:59,159 |-INFO in ch.qos.logback.core.model.processor.AppenderRefModelHandler - Attaching appender named [RollingFile] to Logger[ROOT]
17:27:59,159 |-INFO in ch.qos.logback.core.model.processor.AppenderRefModelHandler - Attaching appender named [Console] to Logger[ROOT]
17:27:59,160 |-INFO in ch.qos.logback.classic.model.processor.LoggerModelHandler - Setting level of logger [com.baeldung] to TRACE
17:27:59,163 |-INFO in ch.qos.logback.classic.model.processor.LoggerModelHandler - Setting additivity of logger [com.baeldung] to false
17:27:59,163 |-INFO in ch.qos.logback.core.model.processor.AppenderRefModelHandler - Attaching appender named [RollingFile] to Logger[com.baeldung]
17:27:59,163 |-INFO in ch.qos.logback.core.model.processor.AppenderRefModelHandler - Attaching appender named [Console] to Logger[com.baeldung]
17:27:59,163 |-INFO in ch.qos.logback.core.model.processor.DefaultProcessor@548d5ed3 - End of configuration.
17:27:59,166 |-INFO in ch.qos.logback.classic.joran.JoranConfigurator@21c7208d - Registering current configuration as safe fallback point
17:27:59,166 |-INFO in ch.qos.logback.classic.util.ContextInitializer@6ae3fb94 - ch.qos.logback.classic.util.DefaultJoranConfigurator.configure() call lasted 311 milliseconds. ExecutionStatus=DO_NOT_INVOKE_NEXT_IF_ANY

]]></system-out>
  </testcase>
  <testcase name="getUserById_WhenUserExists_ShouldReturnUserDTO" classname="com.user_organization_management.service.UserServiceTest" time="0.019"/>
  <testcase name="deleteUser_WhenUserNotExists_ShouldThrowException" classname="com.user_organization_management.service.UserServiceTest" time="0.021">
    <system-out><![CDATA[&amp#27;[31m2025-04-29 17:27:59,581&amp#27;[0;39m &amp#27;[34mINFO &amp#27;[0;39m [&amp#27;[34mmain&amp#27;[0;39m] &amp#27;[33mc.u.s.UserService&amp#27;[0;39m: check User with id :%s 
]]></system-out>
  </testcase>
  <testcase name="deleteUser_ShouldDeleteUser" classname="com.user_organization_management.service.UserServiceTest" time="0.012">
    <system-out><![CDATA[&amp#27;[31m2025-04-29 17:27:59,602&amp#27;[0;39m &amp#27;[34mINFO &amp#27;[0;39m [&amp#27;[34mmain&amp#27;[0;39m] &amp#27;[33mc.u.s.UserService&amp#27;[0;39m: check User with id :%s 
&amp#27;[31m2025-04-29 17:27:59,603&amp#27;[0;39m &amp#27;[34mINFO &amp#27;[0;39m [&amp#27;[34mmain&amp#27;[0;39m] &amp#27;[33mc.u.s.UserService&amp#27;[0;39m: user  deleted: %s
]]></system-out>
  </testcase>
  <testcase name="getUserById_WhenUserNotExists_ShouldThrowException" classname="com.user_organization_management.service.UserServiceTest" time="0.011"/>
  <testcase name="updateUser_ShouldUpdateAndReturnUserDTO" classname="com.user_organization_management.service.UserServiceTest" time="0.027">
    <system-out><![CDATA[&amp#27;[31m2025-04-29 17:27:59,637&amp#27;[0;39m &amp#27;[34mINFO &amp#27;[0;39m [&amp#27;[34mmain&amp#27;[0;39m] &amp#27;[33mc.u.s.UserService&amp#27;[0;39m: ============== >> Updating user with ID: %s 
&amp#27;[31m2025-04-29 17:27:59,642&amp#27;[0;39m &amp#27;[34mINFO &amp#27;[0;39m [&amp#27;[34mmain&amp#27;[0;39m] &amp#27;[33mc.u.s.UserService&amp#27;[0;39m: ============== >> User %s assigned to organization ID: %s
&amp#27;[31m2025-04-29 17:27:59,643&amp#27;[0;39m &amp#27;[34mINFO &amp#27;[0;39m [&amp#27;[34mmain&amp#27;[0;39m] &amp#27;[33mc.u.s.UserService&amp#27;[0;39m: ============== >> Password for user %s has been updated and encoded.
&amp#27;[31m2025-04-29 17:27:59,644&amp#27;[0;39m &amp#27;[34mINFO &amp#27;[0;39m [&amp#27;[34mmain&amp#27;[0;39m] &amp#27;[33mc.u.s.UserService&amp#27;[0;39m: ============== >> User %s has been successfully updated.
]]></system-out>
  </testcase>
  <testcase name="unassignUserFromOrganization_ShouldUnassignAndReturnUserDTO" classname="com.user_organization_management.service.UserServiceTest" time="0.01">
    <system-out><![CDATA[&amp#27;[31m2025-04-29 17:27:59,653&amp#27;[0;39m &amp#27;[34mINFO &amp#27;[0;39m [&amp#27;[34mmain&amp#27;[0;39m] &amp#27;[33mc.u.s.UserService&amp#27;[0;39m: un assign user: %s
&amp#27;[31m2025-04-29 17:27:59,655&amp#27;[0;39m &amp#27;[34mINFO &amp#27;[0;39m [&amp#27;[34mmain&amp#27;[0;39m] &amp#27;[33mc.u.s.UserService&amp#27;[0;39m: user after un assign : %s
]]></system-out>
  </testcase>
  <testcase name="createUser_ShouldCreateAndReturnUserDTO" classname="com.user_organization_management.service.UserServiceTest" time="0.012">
    <system-out><![CDATA[&amp#27;[31m2025-04-29 17:27:59,664&amp#27;[0;39m &amp#27;[34mINFO &amp#27;[0;39m [&amp#27;[34mmain&amp#27;[0;39m] &amp#27;[33mc.u.s.UserService&amp#27;[0;39m: ============== >> create a new user with email: %s 
&amp#27;[31m2025-04-29 17:27:59,667&amp#27;[0;39m &amp#27;[34mINFO &amp#27;[0;39m [&amp#27;[34mmain&amp#27;[0;39m] &amp#27;[33mc.u.s.UserService&amp#27;[0;39m: ============== >> User %s is being assigned to organization with ID: %s 
&amp#27;[31m2025-04-29 17:27:59,669&amp#27;[0;39m &amp#27;[34mINFO &amp#27;[0;39m [&amp#27;[34mmain&amp#27;[0;39m] &amp#27;[33mc.u.s.UserService&amp#27;[0;39m: ============== >> Password for user %s has been encoded successfully.
&amp#27;[31m2025-04-29 17:27:59,669&amp#27;[0;39m &amp#27;[34mINFO &amp#27;[0;39m [&amp#27;[34mmain&amp#27;[0;39m] &amp#27;[33mc.u.s.UserService&amp#27;[0;39m: ============== >> User %s has been successfully created with ID: %s 
]]></system-out>
  </testcase>
  <testcase name="assignUserToOrganization_ShouldAssignAndReturnUserDTO" classname="com.user_organization_management.service.UserServiceTest" time="0.009">
    <system-out><![CDATA[&amp#27;[31m2025-04-29 17:27:59,681&amp#27;[0;39m &amp#27;[34mINFO &amp#27;[0;39m [&amp#27;[34mmain&amp#27;[0;39m] &amp#27;[33mc.u.s.UserService&amp#27;[0;39m: ============== >> Assigning user with ID %s to organization with ID { %s }
]]></system-out>
  </testcase>
  <testcase name="createUser_WhenEmailExists_ShouldThrowException" classname="com.user_organization_management.service.UserServiceTest" time="0.008">
    <system-out><![CDATA[&amp#27;[31m2025-04-29 17:27:59,689&amp#27;[0;39m &amp#27;[34mINFO &amp#27;[0;39m [&amp#27;[34mmain&amp#27;[0;39m] &amp#27;[33mc.u.s.UserService&amp#27;[0;39m: ============== >> create a new user with email: %s 
&amp#27;[31m2025-04-29 17:27:59,690&amp#27;[0;39m &amp#27;[31mWARN &amp#27;[0;39m [&amp#27;[34mmain&amp#27;[0;39m] &amp#27;[33mc.u.s.UserService&amp#27;[0;39m: Email %s already exists.
]]></system-out>
  </testcase>
  <testcase name="addOrganizationIfNotNull_WithoutOrgId_ShouldSetOrganizationToNull" classname="com.user_organization_management.service.UserServiceTest" time="0.006"/>
  <testcase name="addOrganizationIfNotNull_WithOrgId_ShouldSetOrganization" classname="com.user_organization_management.service.UserServiceTest" time="0.006"/>
  <testcase name="checkUserEmailExist_WhenEmailExistsForDifferentUser_ShouldThrowException" classname="com.user_organization_management.service.UserServiceTest" time="0.005">
    <system-out><![CDATA[&amp#27;[31m2025-04-29 17:27:59,711&amp#27;[0;39m &amp#27;[31mWARN &amp#27;[0;39m [&amp#27;[34mmain&amp#27;[0;39m] &amp#27;[33mc.u.s.UserService&amp#27;[0;39m: Email %s already exists.
]]></system-out>
  </testcase>
  <testcase name="getUsersByFilterWithPagination_ShouldReturnPageOfUsers" classname="com.user_organization_management.service.UserServiceTest" time="0.021"/>
  <testcase name="getUserByEmail_WhenUserExists_ShouldReturnUserDTO" classname="com.user_organization_management.service.UserServiceTest" time="0.005"/>
</testsuite>