<?xml version="1.0" encoding="UTF-8"?>
<testsuite xmlns:xsi="http://www.w3.org/2001/XMLSchema-instance" xsi:noNamespaceSchemaLocation="https://maven.apache.org/surefire/maven-surefire-plugin/xsd/surefire-test-report-3.0.xsd" version="3.0" name="com.user_organization_management.service.UserServiceTest" time="3.142" tests="15" errors="2" skipped="0" failures="0">
  <properties>
[...]
</properties>
  <testcase name="getUserByEmail_WhenUserNotExists_ShouldThrowException" classname="com.user_organization_management.service.UserServiceTest" time="2.87"/>
  <testcase name="getUserById_WhenUserExists_ShouldReturnUserDTO" classname="com.user_organization_management.service.UserServiceTest" time="0.015"/>
  <testcase name="deleteUser_WhenUserNotExists_ShouldThrowException" classname="com.user_organization_management.service.UserServiceTest" time="0.017">
    <system-out><![CDATA[18:17:54.064 [main] INFO com.user_organization_management.service.UserService -- check User with id :{ %s }
]]></system-out>
  </testcase>
  <testcase name="deleteUser_ShouldDeleteUser" classname="com.user_organization_management.service.UserServiceTest" time="0.015">
    <system-out><![CDATA[18:17:54.085 [main] INFO com.user_organization_management.service.UserService -- check User with id :{ %s }
18:17:54.086 [main] INFO com.user_organization_management.service.UserService -- user  deleted: { %s }
]]></system-out>
  </testcase>
  <testcase name="getUserById_WhenUserNotExists_ShouldThrowException" classname="com.user_organization_management.service.UserServiceTest" time="0.011"/>
  <testcase name="updateUser_ShouldUpdateAndReturnUserDTO" classname="com.user_organization_management.service.UserServiceTest" time="0.03">
    <error message="Cannot invoke &quot;com.user_organization_management.repository.RoleRepository.findByName(String)&quot; because &quot;this.roleRepository&quot; is null" type="java.lang.NullPointerException"><![CDATA[java.lang.NullPointerException: Cannot invoke "com.user_organization_management.repository.RoleRepository.findByName(String)" because "this.roleRepository" is null
	at com.user_organization_management.service.UserService.updateUser(UserService.java:138)
	at com.user_organization_management.service.UserServiceTest.updateUser_ShouldUpdateAndReturnUserDTO(UserServiceTest.java:163)
	at java.base/java.lang.reflect.Method.invoke(Method.java:568)
	at java.base/java.util.ArrayList.forEach(ArrayList.java:1511)
	at java.base/java.util.ArrayList.forEach(ArrayList.java:1511)
]]></error>
    <system-out><![CDATA[18:17:54.118 [main] INFO com.user_organization_management.service.UserService -- ============== >> Updating user with ID: { %s }
18:17:54.121 [main] INFO com.user_organization_management.service.UserService -- ============== >> User { %s } assigned to organization ID: { %s }
]]></system-out>
  </testcase>
  <testcase name="unassignUserFromOrganization_ShouldUnassignAndReturnUserDTO" classname="com.user_organization_management.service.UserServiceTest" time="0.023">
    <system-out><![CDATA[18:17:54.146 [main] INFO com.user_organization_management.service.UserService -- un assign user: { %s }
18:17:54.148 [main] INFO com.user_organization_management.service.UserService -- user after un assign : { %s }
]]></system-out>
  </testcase>
  <testcase name="createUser_ShouldCreateAndReturnUserDTO" classname="com.user_organization_management.service.UserServiceTest" time="0.013">
    <error message="Cannot invoke &quot;com.user_organization_management.repository.RoleRepository.findByName(String)&quot; because &quot;this.roleRepository&quot; is null" type="java.lang.NullPointerException"><![CDATA[java.lang.NullPointerException: Cannot invoke "com.user_organization_management.repository.RoleRepository.findByName(String)" because "this.roleRepository" is null
	at com.user_organization_management.service.UserService.createUser(UserService.java:98)
	at com.user_organization_management.service.UserServiceTest.createUser_ShouldCreateAndReturnUserDTO(UserServiceTest.java:125)
	at java.base/java.lang.reflect.Method.invoke(Method.java:568)
	at java.base/java.util.ArrayList.forEach(ArrayList.java:1511)
	at java.base/java.util.ArrayList.forEach(ArrayList.java:1511)
]]></error>
    <system-out><![CDATA[18:17:54.170 [main] INFO com.user_organization_management.service.UserService -- ============== >> create a new user with email: { %s }
18:17:54.174 [main] INFO com.user_organization_management.service.UserService -- ============== >> User { %s } is being assigned to organization with ID: { %s }
]]></system-out>
  </testcase>
  <testcase name="assignUserToOrganization_ShouldAssignAndReturnUserDTO" classname="com.user_organization_management.service.UserServiceTest" time="0.012">
    <system-out><![CDATA[18:17:54.186 [main] INFO com.user_organization_management.service.UserService -- ============== >> Assigning user with ID { %s } to organization with ID { %s }
]]></system-out>
  </testcase>
  <testcase name="createUser_WhenEmailExists_ShouldThrowException" classname="com.user_organization_management.service.UserServiceTest" time="0.008">
    <system-out><![CDATA[18:17:54.198 [main] INFO com.user_organization_management.service.UserService -- ============== >> create a new user with email: { %s }
18:17:54.198 [main] WARN com.user_organization_management.service.UserService -- Email { %s } already exists.
]]></system-out>
  </testcase>
  <testcase name="addOrganizationIfNotNull_WithoutOrgId_ShouldSetOrganizationToNull" classname="com.user_organization_management.service.UserServiceTest" time="0.008"/>
  <testcase name="addOrganizationIfNotNull_WithOrgId_ShouldSetOrganization" classname="com.user_organization_management.service.UserServiceTest" time="0.006"/>
  <testcase name="checkUserEmailExist_WhenEmailExistsForDifferentUser_ShouldThrowException" classname="com.user_organization_management.service.UserServiceTest" time="0.009">
    <system-out><![CDATA[18:17:54.225 [main] WARN com.user_organization_management.service.UserService -- Email { %s } already exists.
]]></system-out>
  </testcase>
  <testcase name="getUsersByFilterWithPagination_ShouldReturnPageOfUsers" classname="com.user_organization_management.service.UserServiceTest" time="0.023"/>
  <testcase name="getUserByEmail_WhenUserExists_ShouldReturnUserDTO" classname="com.user_organization_management.service.UserServiceTest" time="0.004"/>
</testsuite>