<?xml version="1.0" encoding="UTF-8"?>
<testsuite xmlns:xsi="http://www.w3.org/2001/XMLSchema-instance" xsi:noNamespaceSchemaLocation="https://maven.apache.org/surefire/maven-surefire-plugin/xsd/surefire-test-report-3.0.xsd" version="3.0" name="com.user_organization_management.UserOrgManagementApplicationTests" time="12.315" tests="1" errors="0" skipped="0" failures="0">
  <properties>
[...]
</properties>
  <testcase name="contextLoads" classname="com.user_organization_management.UserOrgManagementApplicationTests" time="0.044">
    <system-out><![CDATA[&amp#27;[31m2025-04-29 17:27:59,959&amp#27;[0;39m &amp#27;[34mINFO &amp#27;[0;39m [&amp#27;[34mmain&amp#27;[0;39m] &amp#27;[33mo.s.t.c.s.AnnotationConfigContextLoaderUtils&amp#27;[0;39m: Could not detect default configuration classes for test class [com.user_organization_management.UserOrgManagementApplicationTests]: UserOrgManagementApplicationTests does not declare any static, non-private, non-final, nested classes annotated with @Configuration.
&amp#27;[31m2025-04-29 17:28:00,132&amp#27;[0;39m &amp#27;[34mINFO &amp#27;[0;39m [&amp#27;[34mmain&amp#27;[0;39m] &amp#27;[33mo.s.b.t.c.SpringBootTestContextBootstrapper&amp#27;[0;39m: Found @SpringBootConfiguration com.user_organization_management.UserOrgManagementApplication for test class com.user_organization_management.UserOrgManagementApplicationTests
&amp#27;[31m2025-04-29 17:28:00,332&amp#27;[0;39m &amp#27;[34mINFO &amp#27;[0;39m [&amp#27;[34mmain&amp#27;[0;39m] &amp#27;[33mo.s.b.d.r.RestartApplicationListener&amp#27;[0;39m: Restart disabled due to context in which it is running
17:28:02,038 |-INFO in ch.qos.logback.core.model.processor.AppenderModelHandler - Processing appender named [Console]
17:28:02,038 |-INFO in ch.qos.logback.core.model.processor.AppenderModelHandler - About to instantiate appender of type [ch.qos.logback.core.ConsoleAppender]
17:28:02,039 |-WARN in ch.qos.logback.core.ConsoleAppender[Console] - This appender no longer admits a layout as a sub-component, set an encoder instead.
17:28:02,039 |-WARN in ch.qos.logback.core.ConsoleAppender[Console] - To ensure compatibility, wrapping your layout in LayoutWrappingEncoder.
17:28:02,039 |-WARN in ch.qos.logback.core.ConsoleAppender[Console] - See also http://logback.qos.ch/codes.html#layoutInsteadOfEncoder for details
17:28:02,039 |-INFO in ch.qos.logback.core.model.processor.AppenderModelHandler - Processing appender named [RollingFile]
17:28:02,039 |-INFO in ch.qos.logback.core.model.processor.AppenderModelHandler - About to instantiate appender of type [ch.qos.logback.core.rolling.RollingFileAppender]
17:28:02,040 |-INFO in c.q.l.core.rolling.TimeBasedRollingPolicy@1438977874 - No compression will be used
17:28:02,040 |-INFO in c.q.l.core.rolling.TimeBasedRollingPolicy@1438977874 - Will use the pattern ./logs/archived/spring-boot-logger-%d{yyyy-MM-dd}.%i.log for the active file
17:28:02,041 |-INFO in ch.qos.logback.core.rolling.SizeAndTimeBasedFNATP@1ccc1026 - The date pattern is 'yyyy-MM-dd' from file name pattern './logs/archived/spring-boot-logger-%d{yyyy-MM-dd}.%i.log'.
17:28:02,041 |-INFO in ch.qos.logback.core.rolling.SizeAndTimeBasedFNATP@1ccc1026 - Roll-over at midnight.
17:28:02,041 |-INFO in ch.qos.logback.core.rolling.SizeAndTimeBasedFNATP@1ccc1026 - Setting initial period to 2025-04-29T14:28:00.332Z
17:28:02,041 |-WARN in ch.qos.logback.core.rolling.SizeAndTimeBasedFNATP@1ccc1026 - SizeAndTimeBasedFNATP is deprecated. Use SizeAndTimeBasedRollingPolicy instead
17:28:02,041 |-WARN in ch.qos.logback.core.rolling.SizeAndTimeBasedFNATP@1ccc1026 - For more information see http://logback.qos.ch/manual/appenders.html#SizeAndTimeBasedRollingPolicy
17:28:02,042 |-INFO in ch.qos.logback.core.rolling.RollingFileAppender[RollingFile] - Active log file name: ./logs/spring-boot-logger.log
17:28:02,042 |-INFO in ch.qos.logback.core.rolling.RollingFileAppender[RollingFile] - File property is set to [./logs/spring-boot-logger.log]
17:28:02,043 |-INFO in ch.qos.logback.classic.model.processor.RootLoggerModelHandler - Setting level of ROOT logger to INFO
17:28:02,044 |-INFO in ch.qos.logback.classic.jul.LevelChangePropagator@4044589a - Propagating INFO level on Logger[ROOT] onto the JUL framework
17:28:02,044 |-INFO in ch.qos.logback.core.model.processor.AppenderRefModelHandler - Attaching appender named [RollingFile] to Logger[ROOT]
17:28:02,044 |-INFO in ch.qos.logback.core.model.processor.AppenderRefModelHandler - Attaching appender named [Console] to Logger[ROOT]
17:28:02,044 |-INFO in ch.qos.logback.classic.model.processor.LoggerModelHandler - Setting level of logger [com.baeldung] to TRACE
17:28:02,044 |-INFO in ch.qos.logback.classic.jul.LevelChangePropagator@4044589a - Propagating TRACE level on Logger[com.baeldung] onto the JUL framework
17:28:02,044 |-INFO in ch.qos.logback.classic.model.processor.LoggerModelHandler - Setting additivity of logger [com.baeldung] to false
17:28:02,044 |-INFO in ch.qos.logback.core.model.processor.AppenderRefModelHandler - Attaching appender named [RollingFile] to Logger[com.baeldung]
17:28:02,044 |-INFO in ch.qos.logback.core.model.processor.AppenderRefModelHandler - Attaching appender named [Console] to Logger[com.baeldung]
17:28:02,044 |-INFO in ch.qos.logback.core.model.processor.DefaultProcessor@7de35070 - End of configuration.
17:28:02,044 |-INFO in org.springframework.boot.logging.logback.SpringBootJoranConfigurator@216f01 - Registering current configuration as safe fallback point


  .   ____          _            __ _ _
 /\\ / ___'_ __ _ _(_)_ __  __ _ \ \ \ \
( ( )\___ | '_ | '_| | '_ \/ _` | \ \ \ \
 \\/  ___)| |_)| | | | | || (_| |  ) ) ) )
  '  |____| .__|_| |_|_| |_\__, | / / / /
 =========|_|==============|___/=/_/_/_/
 :: Spring Boot ::                (v3.2.3)

&amp#27;[31m2025-04-29 17:28:02,155&amp#27;[0;39m &amp#27;[34mINFO &amp#27;[0;39m [&amp#27;[34mbackground-preinit&amp#27;[0;39m] &amp#27;[33mo.h.v.i.u.Version&amp#27;[0;39m: HV000001: Hibernate Validator 8.0.1.Final
&amp#27;[31m2025-04-29 17:28:02,190&amp#27;[0;39m &amp#27;[34mINFO &amp#27;[0;39m [&amp#27;[34mmain&amp#27;[0;39m] &amp#27;[33mo.s.b.StartupInfoLogger&amp#27;[0;39m: Starting UserOrgManagementApplicationTests using Java 17.0.12 with PID 28304 (started by mtoaima in D:\Courses\BackEnd\Spring\Sb\User_Management_System\user-org-management)
&amp#27;[31m2025-04-29 17:28:02,192&amp#27;[0;39m &amp#27;[34mINFO &amp#27;[0;39m [&amp#27;[34mmain&amp#27;[0;39m] &amp#27;[33mo.s.b.SpringApplication&amp#27;[0;39m: No active profile set, falling back to 1 default profile: "default"
&amp#27;[31m2025-04-29 17:28:02,243&amp#27;[0;39m &amp#27;[34mINFO &amp#27;[0;39m [&amp#27;[34mmain&amp#27;[0;39m] &amp#27;[33mo.s.b.l.DeferredLog&amp#27;[0;39m: Fetching config from server at : http://localhost:8081
&amp#27;[31m2025-04-29 17:28:02,244&amp#27;[0;39m &amp#27;[34mINFO &amp#27;[0;39m [&amp#27;[34mmain&amp#27;[0;39m] &amp#27;[33mo.s.b.l.DeferredLog&amp#27;[0;39m: Located environment: name=user-management, profiles=[default], label=null, version=ef3ccb72180485ea77e71aa24e8a6021544ae2b5, state=
&amp#27;[31m2025-04-29 17:28:02,247&amp#27;[0;39m &amp#27;[39mDEBUG&amp#27;[0;39m [&amp#27;[34mmain&amp#27;[0;39m] &amp#27;[33mo.s.c.s.AbstractApplicationContext&amp#27;[0;39m: Refreshing org.springframework.web.context.support.GenericWebApplicationContext@7308c820
&amp#27;[31m2025-04-29 17:28:03,165&amp#27;[0;39m &amp#27;[34mINFO &amp#27;[0;39m [&amp#27;[34mmain&amp#27;[0;39m] &amp#27;[33mo.s.d.r.c.RepositoryConfigurationDelegate&amp#27;[0;39m: Bootstrapping Spring Data JPA repositories in DEFAULT mode.
&amp#27;[31m2025-04-29 17:28:03,432&amp#27;[0;39m &amp#27;[34mINFO &amp#27;[0;39m [&amp#27;[34mmain&amp#27;[0;39m] &amp#27;[33mo.s.d.r.c.RepositoryConfigurationDelegate&amp#27;[0;39m: Finished Spring Data repository scanning in 254 ms. Found 3 JPA repository interfaces.
&amp#27;[31m2025-04-29 17:28:03,753&amp#27;[0;39m &amp#27;[34mINFO &amp#27;[0;39m [&amp#27;[34mmain&amp#27;[0;39m] &amp#27;[33mo.s.c.c.s.GenericScope&amp#27;[0;39m: BeanFactory id=799680f3-3f5c-373d-b9d9-8bd0bc8fa448
&amp#27;[31m2025-04-29 17:28:04,097&amp#27;[0;39m &amp#27;[31mWARN &amp#27;[0;39m [&amp#27;[34mmain&amp#27;[0;39m] &amp#27;[33mo.s.c.s.PostProcessorRegistrationDelegate$BeanPostProcessorChecker&amp#27;[0;39m: Bean 'org.springframework.cloud.client.loadbalancer.LoadBalancerAutoConfiguration$LoadBalancerInterceptorConfig' of type [org.springframework.cloud.client.loadbalancer.LoadBalancerAutoConfiguration$LoadBalancerInterceptorConfig] is not eligible for getting processed by all BeanPostProcessors (for example: not eligible for auto-proxying). The currently created BeanPostProcessor [lbRestClientPostProcessor] is declared through a non-static factory method on that class; consider declaring it as static instead.
&amp#27;[31m2025-04-29 17:28:04,102&amp#27;[0;39m &amp#27;[31mWARN &amp#27;[0;39m [&amp#27;[34mmain&amp#27;[0;39m] &amp#27;[33mo.s.c.s.PostProcessorRegistrationDelegate$BeanPostProcessorChecker&amp#27;[0;39m: Bean 'org.springframework.cloud.loadbalancer.config.BlockingLoadBalancerClientAutoConfiguration' of type [org.springframework.cloud.loadbalancer.config.BlockingLoadBalancerClientAutoConfiguration] is not eligible for getting processed by all BeanPostProcessors (for example: not eligible for auto-proxying). Is this bean getting eagerly injected into a currently created BeanPostProcessor [lbRestClientPostProcessor]? Check the corresponding BeanPostProcessor declaration and its dependencies.
&amp#27;[31m2025-04-29 17:28:04,106&amp#27;[0;39m &amp#27;[31mWARN &amp#27;[0;39m [&amp#27;[34mmain&amp#27;[0;39m] &amp#27;[33mo.s.c.s.PostProcessorRegistrationDelegate$BeanPostProcessorChecker&amp#27;[0;39m: Bean 'org.springframework.cloud.loadbalancer.config.LoadBalancerAutoConfiguration' of type [org.springframework.cloud.loadbalancer.config.LoadBalancerAutoConfiguration] is not eligible for getting processed by all BeanPostProcessors (for example: not eligible for auto-proxying). Is this bean getting eagerly injected into a currently created BeanPostProcessor [lbRestClientPostProcessor]? Check the corresponding BeanPostProcessor declaration and its dependencies.
&amp#27;[31m2025-04-29 17:28:04,117&amp#27;[0;39m &amp#27;[31mWARN &amp#27;[0;39m [&amp#27;[34mmain&amp#27;[0;39m] &amp#27;[33mo.s.c.s.PostProcessorRegistrationDelegate$BeanPostProcessorChecker&amp#27;[0;39m: Bean 'org.springframework.cloud.commons.config.CommonsConfigAutoConfiguration' of type [org.springframework.cloud.commons.config.CommonsConfigAutoConfiguration] is not eligible for getting processed by all BeanPostProcessors (for example: not eligible for auto-proxying). Is this bean getting eagerly injected into a currently created BeanPostProcessor [lbRestClientPostProcessor]? Check the corresponding BeanPostProcessor declaration and its dependencies.
&amp#27;[31m2025-04-29 17:28:04,124&amp#27;[0;39m &amp#27;[31mWARN &amp#27;[0;39m [&amp#27;[34mmain&amp#27;[0;39m] &amp#27;[33mo.s.c.s.PostProcessorRegistrationDelegate$BeanPostProcessorChecker&amp#27;[0;39m: Bean 'org.springframework.cloud.client.loadbalancer.LoadBalancerDefaultMappingsProviderAutoConfiguration' of type [org.springframework.cloud.client.loadbalancer.LoadBalancerDefaultMappingsProviderAutoConfiguration] is not eligible for getting processed by all BeanPostProcessors (for example: not eligible for auto-proxying). Is this bean getting eagerly injected into a currently created BeanPostProcessor [lbRestClientPostProcessor]? Check the corresponding BeanPostProcessor declaration and its dependencies.
&amp#27;[31m2025-04-29 17:28:04,127&amp#27;[0;39m &amp#27;[31mWARN &amp#27;[0;39m [&amp#27;[34mmain&amp#27;[0;39m] &amp#27;[33mo.s.c.s.PostProcessorRegistrationDelegate$BeanPostProcessorChecker&amp#27;[0;39m: Bean 'loadBalancerClientsDefaultsMappingsProvider' of type [org.springframework.cloud.client.loadbalancer.LoadBalancerDefaultMappingsProviderAutoConfiguration$$Lambda$1265/0x000002e291706c78] is not eligible for getting processed by all BeanPostProcessors (for example: not eligible for auto-proxying). Is this bean getting eagerly injected into a currently created BeanPostProcessor [lbRestClientPostProcessor]? Check the corresponding BeanPostProcessor declaration and its dependencies.
&amp#27;[31m2025-04-29 17:28:04,130&amp#27;[0;39m &amp#27;[31mWARN &amp#27;[0;39m [&amp#27;[34mmain&amp#27;[0;39m] &amp#27;[33mo.s.c.s.PostProcessorRegistrationDelegate$BeanPostProcessorChecker&amp#27;[0;39m: Bean 'defaultsBindHandlerAdvisor' of type [org.springframework.cloud.commons.config.DefaultsBindHandlerAdvisor] is not eligible for getting processed by all BeanPostProcessors (for example: not eligible for auto-proxying). Is this bean getting eagerly injected into a currently created BeanPostProcessor [lbRestClientPostProcessor]? Check the corresponding BeanPostProcessor declaration and its dependencies.
&amp#27;[31m2025-04-29 17:28:04,139&amp#27;[0;39m &amp#27;[31mWARN &amp#27;[0;39m [&amp#27;[34mmain&amp#27;[0;39m] &amp#27;[33mo.s.c.s.PostProcessorRegistrationDelegate$BeanPostProcessorChecker&amp#27;[0;39m: Bean 'spring.cloud.loadbalancer-org.springframework.cloud.client.loadbalancer.LoadBalancerClientsProperties' of type [org.springframework.cloud.client.loadbalancer.LoadBalancerClientsProperties] is not eligible for getting processed by all BeanPostProcessors (for example: not eligible for auto-proxying). Is this bean getting eagerly injected into a currently created BeanPostProcessor [lbRestClientPostProcessor]? Check the corresponding BeanPostProcessor declaration and its dependencies.
&amp#27;[31m2025-04-29 17:28:04,148&amp#27;[0;39m &amp#27;[31mWARN &amp#27;[0;39m [&amp#27;[34mmain&amp#27;[0;39m] &amp#27;[33mo.s.c.s.PostProcessorRegistrationDelegate$BeanPostProcessorChecker&amp#27;[0;39m: Bean 'default.org.springframework.cloud.loadbalancer.config.LoadBalancerAutoConfiguration.LoadBalancerClientSpecification' of type [org.springframework.cloud.loadbalancer.annotation.LoadBalancerClientSpecification] is not eligible for getting processed by all BeanPostProcessors (for example: not eligible for auto-proxying). Is this bean getting eagerly injected into a currently created BeanPostProcessor [lbRestClientPostProcessor]? Check the corresponding BeanPostProcessor declaration and its dependencies.
&amp#27;[31m2025-04-29 17:28:04,153&amp#27;[0;39m &amp#27;[31mWARN &amp#27;[0;39m [&amp#27;[34mmain&amp#27;[0;39m] &amp#27;[33mo.s.c.s.PostProcessorRegistrationDelegate$BeanPostProcessorChecker&amp#27;[0;39m: Bean 'default.org.springframework.cloud.loadbalancer.config.BlockingLoadBalancerClientAutoConfiguration.LoadBalancerClientSpecification' of type [org.springframework.cloud.loadbalancer.annotation.LoadBalancerClientSpecification] is not eligible for getting processed by all BeanPostProcessors (for example: not eligible for auto-proxying). Is this bean getting eagerly injected into a currently created BeanPostProcessor [lbRestClientPostProcessor]? Check the corresponding BeanPostProcessor declaration and its dependencies.
&amp#27;[31m2025-04-29 17:28:04,154&amp#27;[0;39m &amp#27;[31mWARN &amp#27;[0;39m [&amp#27;[34mmain&amp#27;[0;39m] &amp#27;[33mo.s.c.s.PostProcessorRegistrationDelegate$BeanPostProcessorChecker&amp#27;[0;39m: Bean 'default.org.springframework.cloud.netflix.eureka.loadbalancer.LoadBalancerEurekaAutoConfiguration.LoadBalancerClientSpecification' of type [org.springframework.cloud.loadbalancer.annotation.LoadBalancerClientSpecification] is not eligible for getting processed by all BeanPostProcessors (for example: not eligible for auto-proxying). Is this bean getting eagerly injected into a currently created BeanPostProcessor [lbRestClientPostProcessor]? Check the corresponding BeanPostProcessor declaration and its dependencies.
&amp#27;[31m2025-04-29 17:28:04,157&amp#27;[0;39m &amp#27;[31mWARN &amp#27;[0;39m [&amp#27;[34mmain&amp#27;[0;39m] &amp#27;[33mo.s.c.s.PostProcessorRegistrationDelegate$BeanPostProcessorChecker&amp#27;[0;39m: Bean 'loadBalancerClientFactory' of type [org.springframework.cloud.loadbalancer.support.LoadBalancerClientFactory] is not eligible for getting processed by all BeanPostProcessors (for example: not eligible for auto-proxying). Is this bean getting eagerly injected into a currently created BeanPostProcessor [lbRestClientPostProcessor]? Check the corresponding BeanPostProcessor declaration and its dependencies.
&amp#27;[31m2025-04-29 17:28:04,173&amp#27;[0;39m &amp#27;[31mWARN &amp#27;[0;39m [&amp#27;[34mmain&amp#27;[0;39m] &amp#27;[33mo.s.c.s.PostProcessorRegistrationDelegate$BeanPostProcessorChecker&amp#27;[0;39m: Bean 'blockingLoadBalancerClient' of type [org.springframework.cloud.loadbalancer.blocking.client.BlockingLoadBalancerClient] is not eligible for getting processed by all BeanPostProcessors (for example: not eligible for auto-proxying). Is this bean getting eagerly injected into a currently created BeanPostProcessor [lbRestClientPostProcessor]? Check the corresponding BeanPostProcessor declaration and its dependencies.
&amp#27;[31m2025-04-29 17:28:04,183&amp#27;[0;39m &amp#27;[31mWARN &amp#27;[0;39m [&amp#27;[34mmain&amp#27;[0;39m] &amp#27;[33mo.s.c.s.PostProcessorRegistrationDelegate$BeanPostProcessorChecker&amp#27;[0;39m: Bean 'loadBalancerServiceInstanceCookieTransformer' of type [org.springframework.cloud.loadbalancer.core.LoadBalancerServiceInstanceCookieTransformer] is not eligible for getting processed by all BeanPostProcessors (for example: not eligible for auto-proxying). Is this bean getting eagerly injected into a currently created BeanPostProcessor [lbRestClientPostProcessor]? Check the corresponding BeanPostProcessor declaration and its dependencies.
&amp#27;[31m2025-04-29 17:28:04,187&amp#27;[0;39m &amp#27;[31mWARN &amp#27;[0;39m [&amp#27;[34mmain&amp#27;[0;39m] &amp#27;[33mo.s.c.s.PostProcessorRegistrationDelegate$BeanPostProcessorChecker&amp#27;[0;39m: Bean 'xForwarderHeadersTransformer' of type [org.springframework.cloud.loadbalancer.blocking.XForwardedHeadersTransformer] is not eligible for getting processed by all BeanPostProcessors (for example: not eligible for auto-proxying). Is this bean getting eagerly injected into a currently created BeanPostProcessor [lbRestClientPostProcessor]? Check the corresponding BeanPostProcessor declaration and its dependencies.
&amp#27;[31m2025-04-29 17:28:04,189&amp#27;[0;39m &amp#27;[31mWARN &amp#27;[0;39m [&amp#27;[34mmain&amp#27;[0;39m] &amp#27;[33mo.s.c.s.PostProcessorRegistrationDelegate$BeanPostProcessorChecker&amp#27;[0;39m: Bean 'org.springframework.cloud.client.loadbalancer.LoadBalancerAutoConfiguration' of type [org.springframework.cloud.client.loadbalancer.LoadBalancerAutoConfiguration] is not eligible for getting processed by all BeanPostProcessors (for example: not eligible for auto-proxying). Is this bean getting eagerly injected into a currently created BeanPostProcessor [lbRestClientPostProcessor]? Check the corresponding BeanPostProcessor declaration and its dependencies.
&amp#27;[31m2025-04-29 17:28:04,192&amp#27;[0;39m &amp#27;[31mWARN &amp#27;[0;39m [&amp#27;[34mmain&amp#27;[0;39m] &amp#27;[33mo.s.c.s.PostProcessorRegistrationDelegate$BeanPostProcessorChecker&amp#27;[0;39m: Bean 'loadBalancerRequestFactory' of type [org.springframework.cloud.client.loadbalancer.LoadBalancerRequestFactory] is not eligible for getting processed by all BeanPostProcessors (for example: not eligible for auto-proxying). Is this bean getting eagerly injected into a currently created BeanPostProcessor [lbRestClientPostProcessor]? Check the corresponding BeanPostProcessor declaration and its dependencies.
&amp#27;[31m2025-04-29 17:28:04,194&amp#27;[0;39m &amp#27;[31mWARN &amp#27;[0;39m [&amp#27;[34mmain&amp#27;[0;39m] &amp#27;[33mo.s.c.s.PostProcessorRegistrationDelegate$BeanPostProcessorChecker&amp#27;[0;39m: Bean 'loadBalancerInterceptor' of type [org.springframework.cloud.client.loadbalancer.LoadBalancerInterceptor] is not eligible for getting processed by all BeanPostProcessors (for example: not eligible for auto-proxying). Is this bean getting eagerly injected into a currently created BeanPostProcessor [lbRestClientPostProcessor]? Check the corresponding BeanPostProcessor declaration and its dependencies.
&amp#27;[31m2025-04-29 17:28:04,348&amp#27;[0;39m &amp#27;[34mINFO &amp#27;[0;39m [&amp#27;[34mmain&amp#27;[0;39m] &amp#27;[33mc.z.h.HikariDataSource&amp#27;[0;39m: HikariPool-1 - Starting...
&amp#27;[31m2025-04-29 17:28:04,866&amp#27;[0;39m &amp#27;[34mINFO &amp#27;[0;39m [&amp#27;[34mmain&amp#27;[0;39m] &amp#27;[33mc.z.h.p.HikariPool&amp#27;[0;39m: HikariPool-1 - Added connection com.mysql.cj.jdbc.ConnectionImpl@19ee0a2f
&amp#27;[31m2025-04-29 17:28:04,871&amp#27;[0;39m &amp#27;[34mINFO &amp#27;[0;39m [&amp#27;[34mmain&amp#27;[0;39m] &amp#27;[33mc.z.h.HikariDataSource&amp#27;[0;39m: HikariPool-1 - Start completed.
&amp#27;[31m2025-04-29 17:28:05,942&amp#27;[0;39m &amp#27;[34mINFO &amp#27;[0;39m [&amp#27;[34mmain&amp#27;[0;39m] &amp#27;[33ml.l.c.JavaLogger&amp#27;[0;39m: Reading from mydatabase.DATABASECHANGELOG
Database is up to date, no changesets to execute
&amp#27;[31m2025-04-29 17:28:06,027&amp#27;[0;39m &amp#27;[34mINFO &amp#27;[0;39m [&amp#27;[34mmain&amp#27;[0;39m] &amp#27;[33ml.l.c.JavaLogger&amp#27;[0;39m: Reading from mydatabase.DATABASECHANGELOG
&amp#27;[31m2025-04-29 17:28:06,044&amp#27;[0;39m &amp#27;[34mINFO &amp#27;[0;39m [&amp#27;[34mmain&amp#27;[0;39m] &amp#27;[33ml.l.c.JavaLogger&amp#27;[0;39m: UPDATE SUMMARY
&amp#27;[31m2025-04-29 17:28:06,045&amp#27;[0;39m &amp#27;[34mINFO &amp#27;[0;39m [&amp#27;[34mmain&amp#27;[0;39m] &amp#27;[33ml.l.c.JavaLogger&amp#27;[0;39m: Run:                          0
&amp#27;[31m2025-04-29 17:28:06,046&amp#27;[0;39m &amp#27;[34mINFO &amp#27;[0;39m [&amp#27;[34mmain&amp#27;[0;39m] &amp#27;[33ml.l.c.JavaLogger&amp#27;[0;39m: Previously run:               3
&amp#27;[31m2025-04-29 17:28:06,046&amp#27;[0;39m &amp#27;[34mINFO &amp#27;[0;39m [&amp#27;[34mmain&amp#27;[0;39m] &amp#27;[33ml.l.c.JavaLogger&amp#27;[0;39m: Filtered out:                 0
&amp#27;[31m2025-04-29 17:28:06,047&amp#27;[0;39m &amp#27;[34mINFO &amp#27;[0;39m [&amp#27;[34mmain&amp#27;[0;39m] &amp#27;[33ml.l.c.JavaLogger&amp#27;[0;39m: -------------------------------
&amp#27;[31m2025-04-29 17:28:06,047&amp#27;[0;39m &amp#27;[34mINFO &amp#27;[0;39m [&amp#27;[34mmain&amp#27;[0;39m] &amp#27;[33ml.l.c.JavaLogger&amp#27;[0;39m: Total change sets:            3
&amp#27;[31m2025-04-29 17:28:06,047&amp#27;[0;39m &amp#27;[34mINFO &amp#27;[0;39m [&amp#27;[34mmain&amp#27;[0;39m] &amp#27;[33ml.l.c.JavaLogger&amp#27;[0;39m: Update summary generated
&amp#27;[31m2025-04-29 17:28:06,083&amp#27;[0;39m &amp#27;[34mINFO &amp#27;[0;39m [&amp#27;[34mmain&amp#27;[0;39m] &amp#27;[33ml.l.c.JavaLogger&amp#27;[0;39m: Successfully released change log lock
&amp#27;[31m2025-04-29 17:28:06,087&amp#27;[0;39m &amp#27;[34mINFO &amp#27;[0;39m [&amp#27;[34mmain&amp#27;[0;39m] &amp#27;[33ml.l.c.JavaLogger&amp#27;[0;39m: Command execution complete
&amp#27;[31m2025-04-29 17:28:06,248&amp#27;[0;39m &amp#27;[34mINFO &amp#27;[0;39m [&amp#27;[34mmain&amp#27;[0;39m] &amp#27;[33mo.h.j.i.u.LogHelper&amp#27;[0;39m: HHH000204: Processing PersistenceUnitInfo [name: default]
&amp#27;[31m2025-04-29 17:28:06,330&amp#27;[0;39m &amp#27;[34mINFO &amp#27;[0;39m [&amp#27;[34mmain&amp#27;[0;39m] &amp#27;[33mo.h.Version&amp#27;[0;39m: HHH000412: Hibernate ORM core version 6.4.4.Final
&amp#27;[31m2025-04-29 17:28:06,379&amp#27;[0;39m &amp#27;[34mINFO &amp#27;[0;39m [&amp#27;[34mmain&amp#27;[0;39m] &amp#27;[33mo.h.c.i.RegionFactoryInitiator&amp#27;[0;39m: HHH000026: Second-level cache disabled
&amp#27;[31m2025-04-29 17:28:06,541&amp#27;[0;39m &amp#27;[34mINFO &amp#27;[0;39m [&amp#27;[34mmain&amp#27;[0;39m] &amp#27;[33mo.s.o.j.p.SpringPersistenceUnitInfo&amp#27;[0;39m: No LoadTimeWeaver setup: ignoring JPA class transformer
&amp#27;[31m2025-04-29 17:28:06,610&amp#27;[0;39m &amp#27;[31mWARN &amp#27;[0;39m [&amp#27;[34mmain&amp#27;[0;39m] &amp#27;[33mo.h.e.j.d.i.DialectFactoryImpl&amp#27;[0;39m: HHH90000025: MySQL8Dialect does not need to be specified explicitly using 'hibernate.dialect' (remove the property setting and it will be selected by default)
&amp#27;[31m2025-04-29 17:28:06,612&amp#27;[0;39m &amp#27;[31mWARN &amp#27;[0;39m [&amp#27;[34mmain&amp#27;[0;39m] &amp#27;[33mo.h.e.j.d.i.DialectFactoryImpl&amp#27;[0;39m: HHH90000026: MySQL8Dialect has been deprecated; use org.hibernate.dialect.MySQLDialect instead
&amp#27;[31m2025-04-29 17:28:07,619&amp#27;[0;39m &amp#27;[34mINFO &amp#27;[0;39m [&amp#27;[34mmain&amp#27;[0;39m] &amp#27;[33mo.h.e.t.j.p.i.JtaPlatformInitiator&amp#27;[0;39m: HHH000489: No JTA platform available (set 'hibernate.transaction.jta.platform' to enable JTA platform integration)
&amp#27;[31m2025-04-29 17:28:07,625&amp#27;[0;39m &amp#27;[34mINFO &amp#27;[0;39m [&amp#27;[34mmain&amp#27;[0;39m] &amp#27;[33mo.s.o.j.AbstractEntityManagerFactoryBean&amp#27;[0;39m: Initialized JPA EntityManagerFactory for persistence unit 'default'
&amp#27;[31m2025-04-29 17:28:08,491&amp#27;[0;39m &amp#27;[34mINFO &amp#27;[0;39m [&amp#27;[34mmain&amp#27;[0;39m] &amp#27;[33mo.s.d.j.r.q.QueryEnhancerFactory&amp#27;[0;39m: Hibernate is in classpath; If applicable, HQL parser will be used.
&amp#27;[31m2025-04-29 17:28:09,315&amp#27;[0;39m &amp#27;[31mWARN &amp#27;[0;39m [&amp#27;[34mmain&amp#27;[0;39m] &amp#27;[33mo.s.b.a.o.j.JpaBaseConfiguration$JpaWebConfiguration&amp#27;[0;39m: spring.jpa.open-in-view is enabled by default. Therefore, database queries may be performed during view rendering. Explicitly configure spring.jpa.open-in-view to disable this warning
&amp#27;[31m2025-04-29 17:28:09,576&amp#27;[0;39m &amp#27;[39mDEBUG&amp#27;[0;39m [&amp#27;[34mmain&amp#27;[0;39m] &amp#27;[33mo.s.w.s.h.AbstractHandlerMethodMapping&amp#27;[0;39m: 16 mappings in 'requestMappingHandlerMapping'
&amp#27;[31m2025-04-29 17:28:09,787&amp#27;[0;39m &amp#27;[39mDEBUG&amp#27;[0;39m [&amp#27;[34mmain&amp#27;[0;39m] &amp#27;[33mo.s.w.s.h.SimpleUrlHandlerMapping&amp#27;[0;39m: Patterns [/webjars/**, /**] in 'resourceHandlerMapping'
&amp#27;[31m2025-04-29 17:28:09,845&amp#27;[0;39m &amp#27;[34mINFO &amp#27;[0;39m [&amp#27;[34mmain&amp#27;[0;39m] &amp#27;[33mo.s.s.w.DefaultSecurityFilterChain&amp#27;[0;39m: Will secure any request with [org.springframework.security.web.session.DisableEncodeUrlFilter@3d8777ce, org.springframework.security.web.context.request.async.WebAsyncManagerIntegrationFilter@35154326, org.springframework.security.web.context.SecurityContextHolderFilter@12a7999, org.springframework.security.web.header.HeaderWriterFilter@65782175, org.springframework.security.web.authentication.logout.LogoutFilter@24dbdfa0, com.user_organization_management.security.JwtRequestFilter@5917b984, org.springframework.security.web.savedrequest.RequestCacheAwareFilter@766e7a0f, org.springframework.security.web.servletapi.SecurityContextHolderAwareRequestFilter@3496e06a, org.springframework.security.web.authentication.AnonymousAuthenticationFilter@3bd42f5b, org.springframework.security.web.access.ExceptionTranslationFilter@2ad7ac1a, org.springframework.security.web.access.intercept.AuthorizationFilter@2d64757a]
&amp#27;[31m2025-04-29 17:28:10,228&amp#27;[0;39m &amp#27;[39mDEBUG&amp#27;[0;39m [&amp#27;[34mmain&amp#27;[0;39m] &amp#27;[33mo.s.w.s.m.m.a.RequestMappingHandlerAdapter&amp#27;[0;39m: ControllerAdvice beans: 0 @ModelAttribute, 0 @InitBinder, 1 RequestBodyAdvice, 1 ResponseBodyAdvice
&amp#27;[31m2025-04-29 17:28:10,287&amp#27;[0;39m &amp#27;[39mDEBUG&amp#27;[0;39m [&amp#27;[34mmain&amp#27;[0;39m] &amp#27;[33mo.s.w.s.m.m.a.ExceptionHandlerExceptionResolver&amp#27;[0;39m: ControllerAdvice beans: 1 @ExceptionHandler, 1 ResponseBodyAdvice
&amp#27;[31m2025-04-29 17:28:11,036&amp#27;[0;39m &amp#27;[34mINFO &amp#27;[0;39m [&amp#27;[34mmain&amp#27;[0;39m] &amp#27;[33mo.s.c.n.e.c.DiscoveryClientOptionalArgsConfiguration&amp#27;[0;39m: Eureka HTTP Client uses RestTemplate.
&amp#27;[31m2025-04-29 17:28:11,423&amp#27;[0;39m &amp#27;[31mWARN &amp#27;[0;39m [&amp#27;[34mmain&amp#27;[0;39m] &amp#27;[33mo.s.c.l.c.LoadBalancerCacheAutoConfiguration$LoadBalancerCaffeineWarnLogger&amp#27;[0;39m: Spring Cloud LoadBalancer is currently working with the default cache. While this cache implementation is useful for development and tests, it's recommended to use Caffeine cache in production.You can switch to using Caffeine cache, by adding it and org.springframework.cache.caffeine.CaffeineCacheManager to the classpath.
&amp#27;[31m2025-04-29 17:28:11,454&amp#27;[0;39m &amp#27;[34mINFO &amp#27;[0;39m [&amp#27;[34mmain&amp#27;[0;39m] &amp#27;[33mo.s.c.n.e.InstanceInfoFactory&amp#27;[0;39m: Setting initial instance status as: STARTING
&amp#27;[31m2025-04-29 17:28:11,589&amp#27;[0;39m &amp#27;[34mINFO &amp#27;[0;39m [&amp#27;[34mmain&amp#27;[0;39m] &amp#27;[33mc.n.d.DiscoveryClient&amp#27;[0;39m: Initializing Eureka in region us-east-1
&amp#27;[31m2025-04-29 17:28:11,598&amp#27;[0;39m &amp#27;[34mINFO &amp#27;[0;39m [&amp#27;[34mmain&amp#27;[0;39m] &amp#27;[33mc.n.d.s.r.a.ConfigClusterResolver&amp#27;[0;39m: Resolving eureka endpoints via configuration
&amp#27;[31m2025-04-29 17:28:11,635&amp#27;[0;39m &amp#27;[34mINFO &amp#27;[0;39m [&amp#27;[34mmain&amp#27;[0;39m] &amp#27;[33mc.n.d.DiscoveryClient&amp#27;[0;39m: Disable delta property : false
&amp#27;[31m2025-04-29 17:28:11,636&amp#27;[0;39m &amp#27;[34mINFO &amp#27;[0;39m [&amp#27;[34mmain&amp#27;[0;39m] &amp#27;[33mc.n.d.DiscoveryClient&amp#27;[0;39m: Single vip registry refresh property : null
&amp#27;[31m2025-04-29 17:28:11,636&amp#27;[0;39m &amp#27;[34mINFO &amp#27;[0;39m [&amp#27;[34mmain&amp#27;[0;39m] &amp#27;[33mc.n.d.DiscoveryClient&amp#27;[0;39m: Force full registry fetch : false
&amp#27;[31m2025-04-29 17:28:11,636&amp#27;[0;39m &amp#27;[34mINFO &amp#27;[0;39m [&amp#27;[34mmain&amp#27;[0;39m] &amp#27;[33mc.n.d.DiscoveryClient&amp#27;[0;39m: Application is null : false
&amp#27;[31m2025-04-29 17:28:11,636&amp#27;[0;39m &amp#27;[34mINFO &amp#27;[0;39m [&amp#27;[34mmain&amp#27;[0;39m] &amp#27;[33mc.n.d.DiscoveryClient&amp#27;[0;39m: Registered Applications size is zero : true
&amp#27;[31m2025-04-29 17:28:11,637&amp#27;[0;39m &amp#27;[34mINFO &amp#27;[0;39m [&amp#27;[34mmain&amp#27;[0;39m] &amp#27;[33mc.n.d.DiscoveryClient&amp#27;[0;39m: Application version is -1: true
&amp#27;[31m2025-04-29 17:28:11,637&amp#27;[0;39m &amp#27;[34mINFO &amp#27;[0;39m [&amp#27;[34mmain&amp#27;[0;39m] &amp#27;[33mc.n.d.DiscoveryClient&amp#27;[0;39m: Getting all instance registry info from the eureka server
&amp#27;[31m2025-04-29 17:28:11,797&amp#27;[0;39m &amp#27;[39mDEBUG&amp#27;[0;39m [&amp#27;[34mmain&amp#27;[0;39m] &amp#27;[33mo.s.c.l.CompositeLog&amp#27;[0;39m: HTTP GET http://localhost:8761/eureka/apps/
&amp#27;[31m2025-04-29 17:28:11,856&amp#27;[0;39m &amp#27;[39mDEBUG&amp#27;[0;39m [&amp#27;[34mmain&amp#27;[0;39m] &amp#27;[33mo.s.c.l.CompositeLog&amp#27;[0;39m: Accept=[application/json, application/*+json]
&amp#27;[31m2025-04-29 17:28:11,950&amp#27;[0;39m &amp#27;[39mDEBUG&amp#27;[0;39m [&amp#27;[34mmain&amp#27;[0;39m] &amp#27;[33mo.s.c.l.CompositeLog&amp#27;[0;39m: Response 200 OK
&amp#27;[31m2025-04-29 17:28:11,952&amp#27;[0;39m &amp#27;[39mDEBUG&amp#27;[0;39m [&amp#27;[34mmain&amp#27;[0;39m] &amp#27;[33mo.s.c.l.CompositeLog&amp#27;[0;39m: Reading to [org.springframework.cloud.netflix.eureka.http.EurekaApplications]
&amp#27;[31m2025-04-29 17:28:11,969&amp#27;[0;39m &amp#27;[34mINFO &amp#27;[0;39m [&amp#27;[34mmain&amp#27;[0;39m] &amp#27;[33mc.n.d.DiscoveryClient&amp#27;[0;39m: The response status is 200
&amp#27;[31m2025-04-29 17:28:11,974&amp#27;[0;39m &amp#27;[34mINFO &amp#27;[0;39m [&amp#27;[34mmain&amp#27;[0;39m] &amp#27;[33mc.n.d.DiscoveryClient&amp#27;[0;39m: Starting heartbeat executor: renew interval is: 30
&amp#27;[31m2025-04-29 17:28:11,978&amp#27;[0;39m &amp#27;[34mINFO &amp#27;[0;39m [&amp#27;[34mmain&amp#27;[0;39m] &amp#27;[33mc.n.d.InstanceInfoReplicator&amp#27;[0;39m: InstanceInfoReplicator onDemand update allowed rate per min is 4
&amp#27;[31m2025-04-29 17:28:11,984&amp#27;[0;39m &amp#27;[34mINFO &amp#27;[0;39m [&amp#27;[34mmain&amp#27;[0;39m] &amp#27;[33mc.n.d.DiscoveryClient&amp#27;[0;39m: Discovery Client initialized at timestamp 1745936891984 with initial instances count: 4
&amp#27;[31m2025-04-29 17:28:11,992&amp#27;[0;39m &amp#27;[34mINFO &amp#27;[0;39m [&amp#27;[34mmain&amp#27;[0;39m] &amp#27;[33mo.s.c.n.e.s.EurekaServiceRegistry&amp#27;[0;39m: Registering application USER-MANAGEMENT with eureka with status UP
&amp#27;[31m2025-04-29 17:28:11,993&amp#27;[0;39m &amp#27;[34mINFO &amp#27;[0;39m [&amp#27;[34mmain&amp#27;[0;39m] &amp#27;[33mc.n.d.DiscoveryClient$3&amp#27;[0;39m: Saw local status change event StatusChangeEvent [timestamp=1745936891993, current=UP, previous=STARTING]
&amp#27;[31m2025-04-29 17:28:11,996&amp#27;[0;39m &amp#27;[34mINFO &amp#27;[0;39m [&amp#27;[34mDiscoveryClient-InstanceInfoReplicator-0&amp#27;[0;39m] &amp#27;[33mc.n.d.DiscoveryClient&amp#27;[0;39m: DiscoveryClient_USER-MANAGEMENT/Dev-MToaima.TradeNET.COM:user-management:8888: registering service...
&amp#27;[31m2025-04-29 17:28:12,000&amp#27;[0;39m &amp#27;[39mDEBUG&amp#27;[0;39m [&amp#27;[34mDiscoveryClient-InstanceInfoReplicator-0&amp#27;[0;39m] &amp#27;[33mo.s.c.l.CompositeLog&amp#27;[0;39m: HTTP POST http://localhost:8761/eureka/apps/USER-MANAGEMENT
&amp#27;[31m2025-04-29 17:28:12,002&amp#27;[0;39m &amp#27;[39mDEBUG&amp#27;[0;39m [&amp#27;[34mDiscoveryClient-InstanceInfoReplicator-0&amp#27;[0;39m] &amp#27;[33mo.s.c.l.CompositeLog&amp#27;[0;39m: Accept=[application/json, application/*+json]
&amp#27;[31m2025-04-29 17:28:12,007&amp#27;[0;39m &amp#27;[34mINFO &amp#27;[0;39m [&amp#27;[34mmain&amp#27;[0;39m] &amp#27;[33mo.s.b.StartupInfoLogger&amp#27;[0;39m: Started UserOrgManagementApplicationTests in 11.698 seconds (process running for 15.703)
&amp#27;[31m2025-04-29 17:28:12,020&amp#27;[0;39m &amp#27;[39mDEBUG&amp#27;[0;39m [&amp#27;[34mDiscoveryClient-InstanceInfoReplicator-0&amp#27;[0;39m] &amp#27;[33mo.s.c.l.CompositeLog&amp#27;[0;39m: Writing [InstanceInfo [instanceId = Dev-MToaima.TradeNET.COM:user-management:8888, appName = USER-MANAGEMENT, hostName = Dev-MToaima.TradeNET.COM, status = UP, ipAddr = 192.168.1.4, port = 8888, securePort = 443, dataCenterInfo = com.netflix.appinfo.MyDataCenterInfo@3483bb28] as "application/json"
&amp#27;[31m2025-04-29 17:28:12,046&amp#27;[0;39m &amp#27;[39mDEBUG&amp#27;[0;39m [&amp#27;[34mDiscoveryClient-InstanceInfoReplicator-0&amp#27;[0;39m] &amp#27;[33mo.s.c.l.CompositeLog&amp#27;[0;39m: Response 204 NO_CONTENT
&amp#27;[31m2025-04-29 17:28:12,048&amp#27;[0;39m &amp#27;[34mINFO &amp#27;[0;39m [&amp#27;[34mDiscoveryClient-InstanceInfoReplicator-0&amp#27;[0;39m] &amp#27;[33mc.n.d.DiscoveryClient&amp#27;[0;39m: DiscoveryClient_USER-MANAGEMENT/Dev-MToaima.TradeNET.COM:user-management:8888 - registration status: 204
]]></system-out>
  </testcase>
</testsuite>